#### starting bruteforce 
This is s2025396 and my the job has the ID 2292142
This job was submitted from /data1/s2025396/QRL-Thesis and i am currently in /home/s2025396/data1/QRL-Thesis
[/bin/bash] ## Run script
Parameters are: n_guesses 10, n_holes 7, env givens, b1 gx, t1 0.7853981633974483, b2 gy, t2 1.5707963267948966
Environment: givens 7 holes gx0.7853981633974483gy1.5707963267948966
1: 1.8571 [4], 0.00, 1                                                                                                             
Environment: givens 7 holes gx0.7853981633974483gy1.5707963267948966
2: 2.5714 [4 0], 0.00, 2                                                                                                             
Environment: givens 7 holes gx0.7853981633974483gy1.5707963267948966
3: 3.0418 [5 0 6], 0.01, 3                                                                                                             
Environment: givens 7 holes gx0.7853981633974483gy1.5707963267948966
4: 3.2801 [4 0 6 0], 0.07, 4                                                                                                             
Environment: givens 7 holes gx0.7853981633974483gy1.5707963267948966
5: 3.3462 [5 0 6 6 2], 0.50, 5                                                                                                             
Environment: givens 7 holes gx0.7853981633974483gy1.5707963267948966
6: 3.3755 [5 0 6 6 2 2], 3.90, 6                                                                                                             
Environment: givens 7 holes gx0.7853981633974483gy1.5707963267948966
7: 3.3936 [5 0 6 6 2 2 2], 30.17, 7                                                                                                             
Environment: givens 7 holes gx0.7853981633974483gy1.5707963267948966
8: 3.4040 [5 0 6 6 2 2 2 6], 229.32, 8                                                                                                             
Environment: givens 7 holes gx0.7853981633974483gy1.5707963267948966
9: 3.4112 [5 0 6 6 2 2 2 6 4], 1743.34, 9                                                                                                             
Environment: givens 7 holes gx0.7853981633974483gy1.5707963267948966
10: 3.4164 [5 0 6 6 2 2 2 6 4 1], 13080.03, 10                                                                                                             
Parameters are: n_guesses 10, n_holes 7, env givens, b1 gx, t1 3.141592653589793, b2 gy, t2 1.5707963267948966
Environment: givens 7 holes gx3.141592653589793gy1.5707963267948966
1: 1.8571 [0], 0.00, 1                                                                                                             
Environment: givens 7 holes gx3.141592653589793gy1.5707963267948966
2: 2.5714 [1 0], 0.00, 2                                                                                                             
Environment: givens 7 holes gx3.141592653589793gy1.5707963267948966
3: 3.1429 [1 1 0], 0.02, 3                                                                                                             
Environment: givens 7 holes gx3.141592653589793gy1.5707963267948966
4: 3.5714 [3 1 1 0], 0.13, 4                                                                                                             
Environment: givens 7 holes gx3.141592653589793gy1.5707963267948966
5: 3.8571 [3 3 1 1 0], 1.05, 5                                                                                                             
Environment: givens 7 holes gx3.141592653589793gy1.5707963267948966
6: 4.0000 [5 3 3 1 1 0], 8.19, 6                                                                                                             
Environment: givens 7 holes gx3.141592653589793gy1.5707963267948966
7: 4.0000 [5 5 3 3 1 1 0], 63.41, 7                                                                                                             
Environment: givens 7 holes gx3.141592653589793gy1.5707963267948966
8: 4.0000 [5 5 3 3 1 1 0 0], 485.19, 8                                                                                                             
Environment: givens 7 holes gx3.141592653589793gy1.5707963267948966
9: 4.0000 [5 5 3 3 1 1 0 0 0], 3692.82, 9                                                                                                             
Environment: givens 7 holes gx3.141592653589793gy1.5707963267948966
10: 4.0000 [5 5 3 3 1 1 0 0 0 0], 20256.63, 10                                                                                                             
Parameters are: n_guesses 10, n_holes 7, env givens, b1 gy, t1 0.7853981633974483, b2 gx, t2 0.7853981633974483
Environment: givens 7 holes gy0.7853981633974483gx0.7853981633974483
1: 1.8571 [0], 0.00, 1                                                                                                             
Environment: givens 7 holes gy0.7853981633974483gx0.7853981633974483
2: 2.5000 [0 5], 0.00, 2                                                                                                             
Environment: givens 7 holes gy0.7853981633974483gx0.7853981633974483
3: 2.9286 [1 5 5], 0.02, 3                                                                                                             
Environment: givens 7 holes gy0.7853981633974483gx0.7853981633974483
4: 3.1855 [3 5 2 5], 0.13, 4                                                                                                             
Environment: givens 7 holes gy0.7853981633974483gx0.7853981633974483
5: 3.2870 [3 5 2 5 2], 1.05, 5                                                                                                             
Environment: givens 7 holes gy0.7853981633974483gx0.7853981633974483
6: 3.3562 [3 5 2 5 2 5], 8.19, 6                                                                                                             
Environment: givens 7 holes gy0.7853981633974483gx0.7853981633974483
7: 3.4057 [3 5 2 5 2 5 2], 63.41, 7                                                                                                             
Environment: givens 7 holes gy0.7853981633974483gx0.7853981633974483
8: 3.4382 [3 5 2 5 2 5 2 1], 485.18, 8                                                                                                             
Environment: givens 7 holes gy0.7853981633974483gx0.7853981633974483
9: 3.4558 [3 5 2 5 2 5 2 1 3], 3692.72, 9                                                                                                             
Environment: givens 7 holes gy0.7853981633974483gx0.7853981633974483
10: 3.4658 [3 5 2 5 2 5 2 1 3 5], 20262.25, 10                                                                                                             
[/bin/bash] ## Finished
